<?xml version="1.0" encoding="UTF-8"?>
<testng-results skipped="0" failed="0" ignored="0" total="1" passed="1">
  <reporter-output>
  </reporter-output>
  <suite name="Default suite" duration-ms="29" started-at="2021-06-04T20:11:10Z" finished-at="2021-06-04T20:11:10Z">
    <groups>
    </groups>
    <test name="Default test" duration-ms="29" started-at="2021-06-04T20:11:10Z" finished-at="2021-06-04T20:11:10Z">
      <class name="TestNgPractice.TestClass3">
        <test-method status="PASS" signature="execution()[pri:0, instance:TestNgPractice.TestClass3@6cc4c815]" name="execution" duration-ms="11" started-at="2021-06-04T20:11:10Z" finished-at="2021-06-04T20:11:10Z">
          <reporter-output>
          </reporter-output>
        </test-method> <!-- execution -->
      </class> <!-- TestNgPractice.TestClass3 -->
    </test> <!-- Default test -->
  </suite> <!-- Default suite -->
</testng-results>
